0 info it worked if it ends with ok
1 verbose cli [ '/usr/bin/nodejs', '/usr/bin/npm', 'install', '-g', 'node-gyp' ]
2 info using npm@1.4.21
3 info using node@v0.10.29
4 verbose cache add [ 'node-gyp', null ]
5 verbose cache add name=undefined spec="node-gyp" args=["node-gyp",null]
6 verbose parsed url { protocol: null,
6 verbose parsed url   slashes: null,
6 verbose parsed url   auth: null,
6 verbose parsed url   host: null,
6 verbose parsed url   port: null,
6 verbose parsed url   hostname: null,
6 verbose parsed url   hash: null,
6 verbose parsed url   search: null,
6 verbose parsed url   query: null,
6 verbose parsed url   pathname: 'node-gyp',
6 verbose parsed url   path: 'node-gyp',
6 verbose parsed url   href: 'node-gyp' }
7 silly lockFile 54062583-node-gyp node-gyp
8 verbose lock node-gyp /home/pi/.npm/54062583-node-gyp.lock
9 silly lockFile 54062583-node-gyp node-gyp
10 silly lockFile 54062583-node-gyp node-gyp
11 verbose addNamed [ 'node-gyp', '' ]
12 verbose addNamed [ null, '*' ]
13 silly lockFile c0cd6589-node-gyp node-gyp@
14 verbose lock node-gyp@ /home/pi/.npm/c0cd6589-node-gyp.lock
15 silly addNameRange { name: 'node-gyp', range: '*', hasData: false }
16 verbose request where is /node-gyp
17 verbose request registry https://registry.npmjs.org/
18 verbose request id 9697cceea93fe2dc
19 verbose url raw /node-gyp
20 verbose url resolving [ 'https://registry.npmjs.org/', './node-gyp' ]
21 verbose url resolved https://registry.npmjs.org/node-gyp
22 verbose request where is https://registry.npmjs.org/node-gyp
23 info trying registry request attempt 1 at 22:02:11
24 http GET https://registry.npmjs.org/node-gyp
25 http 200 https://registry.npmjs.org/node-gyp
26 silly registry.get cb [ 200,
26 silly registry.get   { date: 'Wed, 06 Nov 2019 22:02:11 GMT',
26 silly registry.get     'content-type': 'application/json',
26 silly registry.get     'transfer-encoding': 'chunked',
26 silly registry.get     connection: 'keep-alive',
26 silly registry.get     'set-cookie': [ '__cfduid=dc531366061a9600b86dc7391f5892a421573077731; expires=Thu, 05-Nov-20 22:02:11 GMT; path=/; domain=.npmjs.org; HttpOnly' ],
26 silly registry.get     'cf-cache-status': 'HIT',
26 silly registry.get     'cache-control': 'max-age=300',
26 silly registry.get     'cf-ray': '531a59adbfd563e9-FRA',
26 silly registry.get     age: '4987',
26 silly registry.get     etag: 'W/"44d24ce10e6be9be7a8df580a75bcee2"',
26 silly registry.get     'expect-ct': 'max-age=604800, report-uri="https://report-uri.cloudflare.com/cdn-cgi/beacon/expect-ct"',
26 silly registry.get     'last-modified': 'Fri, 01 Nov 2019 10:17:06 GMT',
26 silly registry.get     vary: 'accept-encoding, accept',
26 silly registry.get     'x-amz-meta-rev': '366-bd1674b54a21c079af65ca5ca8ad9f61',
26 silly registry.get     server: 'cloudflare',
26 silly registry.get     'content-encoding': 'gzip' } ]
27 silly addNameRange number 2 { name: 'node-gyp', range: '*', hasData: true }
28 silly addNameRange versions [ 'node-gyp',
28 silly addNameRange   [ '0.0.1',
28 silly addNameRange     '0.0.2',
28 silly addNameRange     '0.0.3',
28 silly addNameRange     '0.0.4',
28 silly addNameRange     '0.0.5',
28 silly addNameRange     '0.0.6',
28 silly addNameRange     '0.1.0',
28 silly addNameRange     '0.1.1',
28 silly addNameRange     '0.1.2',
28 silly addNameRange     '0.1.3',
28 silly addNameRange     '0.1.4',
28 silly addNameRange     '0.2.0',
28 silly addNameRange     '0.2.1',
28 silly addNameRange     '0.2.2',
28 silly addNameRange     '0.3.0',
28 silly addNameRange     '0.3.1',
28 silly addNameRange     '0.3.2',
28 silly addNameRange     '0.3.4',
28 silly addNameRange     '0.3.5',
28 silly addNameRange     '0.3.6',
28 silly addNameRange     '0.3.7',
28 silly addNameRange     '0.3.8',
28 silly addNameRange     '0.3.9',
28 silly addNameRange     '0.3.10',
28 silly addNameRange     '0.3.11',
28 silly addNameRange     '0.4.0',
28 silly addNameRange     '0.4.1',
28 silly addNameRange     '0.4.2',
28 silly addNameRange     '0.4.3',
28 silly addNameRange     '0.4.4',
28 silly addNameRange     '0.4.5',
28 silly addNameRange     '0.5.0',
28 silly addNameRange     '0.5.1',
28 silly addNameRange     '0.5.2',
28 silly addNameRange     '0.5.3',
28 silly addNameRange     '0.5.4',
28 silly addNameRange     '0.5.5',
28 silly addNameRange     '0.5.6',
28 silly addNameRange     '0.5.7',
28 silly addNameRange     '0.5.8',
28 silly addNameRange     '0.6.0',
28 silly addNameRange     '0.6.1',
28 silly addNameRange     '0.6.2',
28 silly addNameRange     '0.6.3',
28 silly addNameRange     '0.6.4',
28 silly addNameRange     '0.6.5',
28 silly addNameRange     '0.6.6',
28 silly addNameRange     '0.6.7',
28 silly addNameRange     '0.6.8',
28 silly addNameRange     '0.6.9',
28 silly addNameRange     '0.6.10',
28 silly addNameRange     '0.6.11',
28 silly addNameRange     '0.7.0',
28 silly addNameRange     '0.7.1',
28 silly addNameRange     '0.7.2',
28 silly addNameRange     '0.7.3',
28 silly addNameRange     '0.8.0',
28 silly addNameRange     '0.8.1',
28 silly addNameRange     '0.8.2',
28 silly addNameRange     '0.8.3',
28 silly addNameRange     '0.8.4',
28 silly addNameRange     '0.8.5',
28 silly addNameRange     '0.9.0',
28 silly addNameRange     '0.9.1',
28 silly addNameRange     '0.9.2',
28 silly addNameRange     '0.9.3',
28 silly addNameRange     '0.9.4',
28 silly addNameRange     '0.9.5',
28 silly addNameRange     '0.9.6',
28 silly addNameRange     '0.10.0',
28 silly addNameRange     '0.10.1',
28 silly addNameRange     '0.10.2',
28 silly addNameRange     '0.10.3',
28 silly addNameRange     '0.10.4',
28 silly addNameRange     '0.10.5',
28 silly addNameRange     '0.10.6',
28 silly addNameRange     '0.10.7',
28 silly addNameRange     '0.10.8',
28 silly addNameRange     '0.10.9',
28 silly addNameRange     '0.10.10',
28 silly addNameRange     '0.11.0',
28 silly addNameRange     '0.12.0',
28 silly addNameRange     '0.12.1',
28 silly addNameRange     '0.12.2',
28 silly addNameRange     '0.13.0',
28 silly addNameRange     '0.13.1',
28 silly addNameRange     '1.0.0',
28 silly addNameRange     '1.0.1',
28 silly addNameRange     '1.0.2',
28 silly addNameRange     '1.0.3',
28 silly addNameRange     '2.0.0',
28 silly addNameRange     '2.0.1',
28 silly addNameRange     '2.0.2',
28 silly addNameRange     '3.0.0',
28 silly addNameRange     '3.0.1',
28 silly addNameRange     '3.0.2',
28 silly addNameRange     '3.0.3',
28 silly addNameRange     '3.1.0',
28 silly addNameRange     '3.2.0',
28 silly addNameRange     '3.2.1',
28 silly addNameRange     '3.3.0',
28 silly addNameRange     '3.3.1',
28 silly addNameRange     '3.4.0',
28 silly addNameRange     '3.5.0',
28 silly addNameRange     '3.6.0',
28 silly addNameRange     '3.6.1',
28 silly addNameRange     '3.6.2',
28 silly addNameRange     '3.6.3',
28 silly addNameRange     '3.7.0',
28 silly addNameRange     '3.8.0',
28 silly addNameRange     '4.0.0',
28 silly addNameRange     '5.0.0',
28 silly addNameRange     '5.0.1',
28 silly addNameRange     '5.0.2',
28 silly addNameRange     '5.0.3',
28 silly addNameRange     '5.0.4',
28 silly addNameRange     '5.0.5',
28 silly addNameRange     '6.0.0',
28 silly addNameRange     '6.0.1' ] ]
29 verbose addNamed [ 'node-gyp', '6.0.1' ]
30 verbose addNamed [ '6.0.1', '6.0.1' ]
31 silly lockFile 20ffdf4b-node-gyp-6-0-1 node-gyp@6.0.1
32 verbose lock node-gyp@6.0.1 /home/pi/.npm/20ffdf4b-node-gyp-6-0-1.lock
33 silly lockFile 576b676c--org-node-gyp-node-gyp-6-0-1-tgz https://registry.npmjs.org/node-gyp/-/node-gyp-6.0.1.tgz
34 verbose lock https://registry.npmjs.org/node-gyp/-/node-gyp-6.0.1.tgz /home/pi/.npm/576b676c--org-node-gyp-node-gyp-6-0-1-tgz.lock
35 verbose addRemoteTarball [ 'https://registry.npmjs.org/node-gyp/-/node-gyp-6.0.1.tgz',
35 verbose addRemoteTarball   'd59c4247df61bb343f56e2c41d9c8dc2bc361470' ]
36 info retry fetch attempt 1 at 22:02:11
37 verbose fetch to= /tmp/npm-1573-HluBLmZH/registry.npmjs.org/node-gyp/-/node-gyp-6.0.1.tgz
38 http GET https://registry.npmjs.org/node-gyp/-/node-gyp-6.0.1.tgz
39 http 200 https://registry.npmjs.org/node-gyp/-/node-gyp-6.0.1.tgz
40 silly lockFile 576b676c--org-node-gyp-node-gyp-6-0-1-tgz https://registry.npmjs.org/node-gyp/-/node-gyp-6.0.1.tgz
41 silly lockFile 576b676c--org-node-gyp-node-gyp-6-0-1-tgz https://registry.npmjs.org/node-gyp/-/node-gyp-6.0.1.tgz
42 silly lockFile 20ffdf4b-node-gyp-6-0-1 node-gyp@6.0.1
43 silly lockFile 20ffdf4b-node-gyp-6-0-1 node-gyp@6.0.1
44 silly lockFile c0cd6589-node-gyp node-gyp@
45 silly lockFile c0cd6589-node-gyp node-gyp@
46 silly resolved [ { name: 'node-gyp',
46 silly resolved     description: 'Node.js native addon build tool',
46 silly resolved     license: 'MIT',
46 silly resolved     keywords: [ 'native', 'addon', 'module', 'c', 'c++', 'bindings', 'gyp' ],
46 silly resolved     version: '6.0.1',
46 silly resolved     installVersion: 9,
46 silly resolved     author:
46 silly resolved      { name: 'Nathan Rajlich',
46 silly resolved        email: 'nathan@tootallnate.net',
46 silly resolved        url: 'http://tootallnate.net' },
46 silly resolved     repository: { type: 'git', url: 'git://github.com/nodejs/node-gyp.git' },
46 silly resolved     preferGlobal: true,
46 silly resolved     bin: { 'node-gyp': './bin/node-gyp.js' },
46 silly resolved     main: './lib/node-gyp.js',
46 silly resolved     dependencies:
46 silly resolved      { 'env-paths': '^2.2.0',
46 silly resolved        glob: '^7.1.4',
46 silly resolved        'graceful-fs': '^4.2.2',
46 silly resolved        mkdirp: '^0.5.1',
46 silly resolved        nopt: '^4.0.1',
46 silly resolved        npmlog: '^4.1.2',
46 silly resolved        request: '^2.88.0',
46 silly resolved        rimraf: '^2.6.3',
46 silly resolved        semver: '^5.7.1',
46 silly resolved        tar: '^4.4.12',
46 silly resolved        which: '^1.3.1' },
46 silly resolved     engines: { node: '>= 6.0.0' },
46 silly resolved     devDependencies:
46 silly resolved      { bindings: '^1.5.0',
46 silly resolved        nan: '^2.14.0',
46 silly resolved        'require-inject': '^1.4.4',
46 silly resolved        standard: '^14.3.1',
46 silly resolved        tap: '~12.7.0' },
46 silly resolved     scripts:
46 silly resolved      { lint: 'standard */*.js test/**/*.js',
46 silly resolved        test: 'npm run lint && tap --timeout=120 test/test-*' },
46 silly resolved     gitHead: '68319a2c344c822d48bd6d5dd32f82dd41384e19',
46 silly resolved     bugs: { url: 'https://github.com/nodejs/node-gyp/issues' },
46 silly resolved     homepage: 'https://github.com/nodejs/node-gyp#readme',
46 silly resolved     _id: 'node-gyp@6.0.1',
46 silly resolved     _nodeVersion: '12.12.0',
46 silly resolved     _npmVersion: '6.11.3',
46 silly resolved     dist:
46 silly resolved      { integrity: 'sha512-udHG4hGe3Ji97AYJbJhaRwuSOuQO7KHnE4ZPH3Sox3tjRZ+bkBsDvfZ7eYA1qwD8eLWr//193x806ss3HFTPRw==',
46 silly resolved        shasum: 'd59c4247df61bb343f56e2c41d9c8dc2bc361470',
46 silly resolved        tarball: 'https://registry.npmjs.org/node-gyp/-/node-gyp-6.0.1.tgz',
46 silly resolved        fileCount: 120,
46 silly resolved        unpackedSize: 1765555,
46 silly resolved        'npm-signature': '-----BEGIN PGP SIGNATURE-----\r\nVersion: OpenPGP.js v3.0.4\r\nComment: https://openpgpjs.org\r\n\r\nwsFcBAEBCAAQBQJdvAYfCRA9TVsSAnZWagAAI10P/3KCTHgCUtJwLTdvJpGA\nzLRxA9I8ufrTXXl0iNd8s7maIVQo5V0+Z6Eibe/z7Hpq8VJV67wIL5Dq/cZn\nQk1+R+FWx75p2FIgn1qEL+F/OtzfHnX522X1XYI05CkOFgPD4kw35nsRL7Mu\nfjFh8tk59uqynl3Tht5lTCcB0WKY5TR3Mgx2bMe4NcHcL0kuecAANJDPqwoM\nJ5fvHS37lJ22JL6+aNspBB9RGLytdpB8v9YUUvfJU65227jHfKw4MqZvbD2K\n0zb/PJ+P/psU+c1KMF58aj2mfCnk3R/BPngqVgKgF4EjUTZmWrCQPcmF9pVp\nYvUrJ50fGCH4TXJfIjnq90NnugiajRJ955cukKcKn9M8u2m/vMP4ytMkWZ+K\nwQW4cdICG9lyOUWLicEnFCdgCIscjoWlEkWqn7m1bho9EZ/BS1H95/T8jDYS\n080gBgKMn62onXCtZ9GXdA4CuPJsbL/G4pS7sqqsduIvOPM0wmoWhPaClmd/\n6gVDRIhnbrwvDocOMnyBwiCmUvyO/gB6carGeXRWD3xS2jKl1g2PfBHPP4bk\nP6DTNvqinyQJsgp62qzJj8KF67d9LMTJKYx6rplFy9qiyqZfTdVJe+XAYZJV\njn83wo6uBIcQG2loGZMvSh1wFlKP5XXPFasSInJaG6hierG2Y/gmwjnsw3jf\ni7hD\r\n=l7tw\r\n-----END PGP SIGNATURE-----\r\n' },
46 silly resolved     maintainers: [ [Object], [Object], [Object], [Object] ],
46 silly resolved     _npmUser: { name: 'rvagg', email: 'r@va.gg' },
46 silly resolved     directories: {},
46 silly resolved     _npmOperationalInternal:
46 silly resolved      { host: 's3://npm-registry-packages',
46 silly resolved        tmp: 'tmp/node-gyp_6.0.1_1572603422486_0.8106795723102915' },
46 silly resolved     _hasShrinkwrap: false,
46 silly resolved     _shasum: 'd59c4247df61bb343f56e2c41d9c8dc2bc361470',
46 silly resolved     _from: 'node-gyp@',
46 silly resolved     _resolved: 'https://registry.npmjs.org/node-gyp/-/node-gyp-6.0.1.tgz' } ]
47 info install node-gyp@6.0.1 into /usr/local/lib
48 info installOne node-gyp@6.0.1
49 warn engine node-gyp@6.0.1: wanted: {"node":">= 6.0.0"} (current: {"node":"0.10.29","npm":"1.4.21"})
50 verbose lib/node_modules/node-gyp unbuild
51 info preuninstall node-gyp@6.0.1
52 info uninstall node-gyp@6.0.1
53 verbose true,/usr/local/lib/node_modules,/usr/local/lib/node_modules unbuild node-gyp@6.0.1
54 verbose /usr/local/bin,[object Object] binRoot
55 verbose lib/node_modules/node-gyp unbuild
56 info preuninstall node-gyp@6.0.1
57 info uninstall node-gyp@6.0.1
58 verbose true,/usr/local/lib/node_modules,/usr/local/lib/node_modules unbuild node-gyp@6.0.1
59 verbose /usr/local/bin,[object Object] binRoot
60 error error rolling back Error: EACCES, unlink '/usr/local/bin/node-gyp'
60 error error rolling back  node-gyp@6.0.1 { [Error: EACCES, unlink '/usr/local/bin/node-gyp'] errno: 3, code: 'EACCES', path: '/usr/local/bin/node-gyp' }
61 error Error: EACCES, unlink '/usr/local/bin/node-gyp'
61 error  { [Error: EACCES, unlink '/usr/local/bin/node-gyp'] errno: 3, code: 'EACCES', path: '/usr/local/bin/node-gyp' }
62 error Please try running this command again as root/Administrator.
63 error System Linux 4.9.35-v7+
64 error command "/usr/bin/nodejs" "/usr/bin/npm" "install" "-g" "node-gyp"
65 error cwd /home/pi/kiddyblaster/webui
66 error node -v v0.10.29
67 error npm -v 1.4.21
68 error path /usr/local/bin/node-gyp
69 error code EACCES
70 error errno 3
71 error stack Error: EACCES, unlink '/usr/local/bin/node-gyp'
72 verbose exit [ 3, true ]
